<?xml version="1.0" encoding="UTF-8"?>
<testng-results skipped="0" failed="0" total="9" passed="9">
  <reporter-output>
  </reporter-output>
  <suite name="Default suite" duration-ms="31778" started-at="2018-06-14T02:11:34Z" finished-at="2018-06-14T02:12:06Z">
    <groups>
    </groups>
    <test name="Default test" duration-ms="31778" started-at="2018-06-14T02:11:34Z" finished-at="2018-06-14T02:12:06Z">
      <class name="wikiPac.Wiki">
        <test-method status="PASS" signature="setUp()[pri:0, instance:wikiPac.Wiki@57baeedf]" name="setUp" is-config="true" duration-ms="3396" started-at="2018-06-14T04:11:34Z" finished-at="2018-06-14T04:11:37Z">
          <reporter-output>
          </reporter-output>
        </test-method> <!-- setUp -->
        <test-method status="PASS" signature="testWiki0()[pri:0, instance:wikiPac.Wiki@57baeedf]" name="testWiki0" duration-ms="3366" started-at="2018-06-14T04:11:37Z" finished-at="2018-06-14T04:11:41Z">
          <reporter-output>
          </reporter-output>
        </test-method> <!-- testWiki0 -->
        <test-method status="PASS" signature="testWiki1()[pri:0, instance:wikiPac.Wiki@57baeedf]" name="testWiki1" duration-ms="2456" started-at="2018-06-14T04:11:41Z" finished-at="2018-06-14T04:11:43Z">
          <reporter-output>
          </reporter-output>
        </test-method> <!-- testWiki1 -->
        <test-method status="PASS" signature="testWiki2()[pri:0, instance:wikiPac.Wiki@57baeedf]" name="testWiki2" duration-ms="917" started-at="2018-06-14T04:11:43Z" finished-at="2018-06-14T04:11:44Z">
          <reporter-output>
          </reporter-output>
        </test-method> <!-- testWiki2 -->
        <test-method status="PASS" signature="testWiki3()[pri:0, instance:wikiPac.Wiki@57baeedf]" name="testWiki3" duration-ms="1226" started-at="2018-06-14T04:11:44Z" finished-at="2018-06-14T04:11:45Z">
          <reporter-output>
          </reporter-output>
        </test-method> <!-- testWiki3 -->
        <test-method status="PASS" signature="testWiki4()[pri:0, instance:wikiPac.Wiki@57baeedf]" name="testWiki4" duration-ms="29" started-at="2018-06-14T04:11:45Z" finished-at="2018-06-14T04:11:45Z">
          <reporter-output>
          </reporter-output>
        </test-method> <!-- testWiki4 -->
        <test-method status="PASS" signature="testWiki5()[pri:0, instance:wikiPac.Wiki@57baeedf]" name="testWiki5" duration-ms="20" started-at="2018-06-14T04:11:45Z" finished-at="2018-06-14T04:11:45Z">
          <reporter-output>
          </reporter-output>
        </test-method> <!-- testWiki5 -->
        <test-method status="PASS" signature="testWiki6()[pri:0, instance:wikiPac.Wiki@57baeedf]" name="testWiki6" duration-ms="43" started-at="2018-06-14T04:11:45Z" finished-at="2018-06-14T04:11:45Z">
          <reporter-output>
          </reporter-output>
        </test-method> <!-- testWiki6 -->
        <test-method status="PASS" signature="testWiki7()[pri:0, instance:wikiPac.Wiki@57baeedf]" name="testWiki7" duration-ms="1783" started-at="2018-06-14T04:11:45Z" finished-at="2018-06-14T04:11:47Z">
          <reporter-output>
          </reporter-output>
        </test-method> <!-- testWiki7 -->
        <test-method status="PASS" signature="travelex()[pri:0, instance:wikiPac.Wiki@57baeedf]" name="travelex" duration-ms="17770" started-at="2018-06-14T04:11:47Z" finished-at="2018-06-14T04:12:05Z">
          <reporter-output>
          </reporter-output>
        </test-method> <!-- travelex -->
        <test-method status="PASS" signature="tearDown()[pri:0, instance:wikiPac.Wiki@57baeedf]" name="tearDown" is-config="true" duration-ms="731" started-at="2018-06-14T04:12:05Z" finished-at="2018-06-14T04:12:06Z">
          <reporter-output>
          </reporter-output>
        </test-method> <!-- tearDown -->
      </class> <!-- wikiPac.Wiki -->
    </test> <!-- Default test -->
  </suite> <!-- Default suite -->
</testng-results>
